0 info it worked if it ends with ok
1 verbose cli [ 'node', '/usr/local/bin/npm', 'run', 'start' ]
2 info using npm@3.10.6
3 info using node@v0.12.7
4 verbose run-script [ 'prestart', 'start', 'poststart' ]
5 info lifecycle TicTacToeDemo@1.0.0~prestart: TicTacToeDemo@1.0.0
6 silly lifecycle TicTacToeDemo@1.0.0~prestart: no script for prestart, continuing
7 info lifecycle TicTacToeDemo@1.0.0~start: TicTacToeDemo@1.0.0
8 verbose lifecycle TicTacToeDemo@1.0.0~start: unsafe-perm in lifecycle true
9 verbose lifecycle TicTacToeDemo@1.0.0~start: PATH: /usr/local/lib/node_modules/npm/bin/node-gyp-bin:/home/ashtrie/web/tictactoe/node_modules/.bin:/usr/local/sbin:/usr/local/bin:/usr/sbin:/usr/bin:/sbin:/bin:/usr/games:/usr/local/games
10 verbose lifecycle TicTacToeDemo@1.0.0~start: CWD: /home/ashtrie/web/tictactoe
11 silly lifecycle TicTacToeDemo@1.0.0~start: Args: [ '-c',
11 silly lifecycle   'concurrently --kill-others "npm run webpack-watch" "npm run express-server"' ]
12 silly lifecycle TicTacToeDemo@1.0.0~start: Returned: code: 1  signal: null
13 info lifecycle TicTacToeDemo@1.0.0~start: Failed to exec start script
14 verbose stack Error: TicTacToeDemo@1.0.0 start: `concurrently --kill-others "npm run webpack-watch" "npm run express-server"`
14 verbose stack Exit status 1
14 verbose stack     at EventEmitter.<anonymous> (/usr/local/lib/node_modules/npm/lib/utils/lifecycle.js:255:16)
14 verbose stack     at EventEmitter.emit (events.js:110:17)
14 verbose stack     at ChildProcess.<anonymous> (/usr/local/lib/node_modules/npm/lib/utils/spawn.js:40:14)
14 verbose stack     at ChildProcess.emit (events.js:110:17)
14 verbose stack     at maybeClose (child_process.js:1015:16)
14 verbose stack     at Process.ChildProcess._handle.onexit (child_process.js:1087:5)
15 verbose pkgid TicTacToeDemo@1.0.0
16 verbose cwd /home/ashtrie/web/tictactoe
17 error Linux 3.16.0-38-generic
18 error argv "node" "/usr/local/bin/npm" "run" "start"
19 error node v0.12.7
20 error npm  v3.10.6
21 error code ELIFECYCLE
22 error TicTacToeDemo@1.0.0 start: `concurrently --kill-others "npm run webpack-watch" "npm run express-server"`
22 error Exit status 1
23 error Failed at the TicTacToeDemo@1.0.0 start script 'concurrently --kill-others "npm run webpack-watch" "npm run express-server"'.
23 error Make sure you have the latest version of node.js and npm installed.
23 error If you do, this is most likely a problem with the TicTacToeDemo package,
23 error not with npm itself.
23 error Tell the author that this fails on your system:
23 error     concurrently --kill-others "npm run webpack-watch" "npm run express-server"
23 error You can get information on how to open an issue for this project with:
23 error     npm bugs TicTacToeDemo
23 error Or if that isn't available, you can get their info via:
23 error     npm owner ls TicTacToeDemo
23 error There is likely additional logging output above.
24 verbose exit [ 1, true ]
